Performing C SOURCE FILE Test CMAKE_HAVE_LIBC_PTHREAD failed with the following output:
Change Dir: /home/jp/Escritorio/REPOS/TALLER1/build/CMakeFiles/CMakeTmp

Run Build Command(s):/usr/bin/make cmTC_de8c0/fast && make[1]: se entra en el directorio '/home/jp/Escritorio/REPOS/TALLER1/build/CMakeFiles/CMakeTmp'
/usr/bin/make -f CMakeFiles/cmTC_de8c0.dir/build.make CMakeFiles/cmTC_de8c0.dir/build
make[2]: se entra en el directorio '/home/jp/Escritorio/REPOS/TALLER1/build/CMakeFiles/CMakeTmp'
Building C object CMakeFiles/cmTC_de8c0.dir/src.c.o
/usr/bin/cc   -DCMAKE_HAVE_LIBC_PTHREAD   -o CMakeFiles/cmTC_de8c0.dir/src.c.o   -c /home/jp/Escritorio/REPOS/TALLER1/build/CMakeFiles/CMakeTmp/src.c
Linking C executable cmTC_de8c0
/usr/bin/cmake -E cmake_link_script CMakeFiles/cmTC_de8c0.dir/link.txt --verbose=1
/usr/bin/cc  -DCMAKE_HAVE_LIBC_PTHREAD    -rdynamic CMakeFiles/cmTC_de8c0.dir/src.c.o  -o cmTC_de8c0 
/usr/bin/ld: CMakeFiles/cmTC_de8c0.dir/src.c.o: en la función `main':
src.c:(.text+0x46): referencia a `pthread_create' sin definir
/usr/bin/ld: src.c:(.text+0x52): referencia a `pthread_detach' sin definir
/usr/bin/ld: src.c:(.text+0x63): referencia a `pthread_join' sin definir
collect2: error: ld returned 1 exit status
make[2]: *** [CMakeFiles/cmTC_de8c0.dir/build.make:87: cmTC_de8c0] Error 1
make[2]: se sale del directorio '/home/jp/Escritorio/REPOS/TALLER1/build/CMakeFiles/CMakeTmp'
make[1]: *** [Makefile:121: cmTC_de8c0/fast] Error 2
make[1]: se sale del directorio '/home/jp/Escritorio/REPOS/TALLER1/build/CMakeFiles/CMakeTmp'


Source file was:
#include <pthread.h>

void* test_func(void* data)
{
  return data;
}

int main(void)
{
  pthread_t thread;
  pthread_create(&thread, NULL, test_func, NULL);
  pthread_detach(thread);
  pthread_join(thread, NULL);
  pthread_atfork(NULL, NULL, NULL);
  pthread_exit(NULL);

  return 0;
}

Determining if the function pthread_create exists in the pthreads failed with the following output:
Change Dir: /home/jp/Escritorio/REPOS/TALLER1/build/CMakeFiles/CMakeTmp

Run Build Command(s):/usr/bin/make cmTC_c2a77/fast && make[1]: se entra en el directorio '/home/jp/Escritorio/REPOS/TALLER1/build/CMakeFiles/CMakeTmp'
/usr/bin/make -f CMakeFiles/cmTC_c2a77.dir/build.make CMakeFiles/cmTC_c2a77.dir/build
make[2]: se entra en el directorio '/home/jp/Escritorio/REPOS/TALLER1/build/CMakeFiles/CMakeTmp'
Building C object CMakeFiles/cmTC_c2a77.dir/CheckFunctionExists.c.o
/usr/bin/cc   -DCHECK_FUNCTION_EXISTS=pthread_create   -o CMakeFiles/cmTC_c2a77.dir/CheckFunctionExists.c.o   -c /usr/share/cmake-3.16/Modules/CheckFunctionExists.c
Linking C executable cmTC_c2a77
/usr/bin/cmake -E cmake_link_script CMakeFiles/cmTC_c2a77.dir/link.txt --verbose=1
/usr/bin/cc  -DCHECK_FUNCTION_EXISTS=pthread_create    -rdynamic CMakeFiles/cmTC_c2a77.dir/CheckFunctionExists.c.o  -o cmTC_c2a77  -lpthreads 
/usr/bin/ld: no se puede encontrar -lpthreads
collect2: error: ld returned 1 exit status
make[2]: *** [CMakeFiles/cmTC_c2a77.dir/build.make:87: cmTC_c2a77] Error 1
make[2]: se sale del directorio '/home/jp/Escritorio/REPOS/TALLER1/build/CMakeFiles/CMakeTmp'
make[1]: *** [Makefile:121: cmTC_c2a77/fast] Error 2
make[1]: se sale del directorio '/home/jp/Escritorio/REPOS/TALLER1/build/CMakeFiles/CMakeTmp'



